<?xml version="1.0" encoding="UTF-8"?>
<!-- Generated by org.testng.reporters.JUnitXMLReporter -->
<testsuite ignored="0" hostname="DESKTOP-LN6EBUM" failures="0" tests="5" name="Default test" time="0.223" errors="0" timestamp="2023-07-14T13:20:35 IST">
  <testcase classname="TestNG.sampletestcase" name="fifthTestCase" time="0.025"/>
  <testcase classname="TestNG.sampletestcase" name="firstTestCase" time="0.001"/>
  <testcase classname="TestNG.sampletestcase" name="fourthTestCase" time="0.002"/>
  <testcase classname="TestNG.sampletestcase" name="secondTestCase" time="0.001"/>
  <testcase classname="TestNG.sampletestcase" name="thirdTestCase" time="0.001"/>
</testsuite> <!-- Default test -->
