<?xml version="1.0" encoding="UTF-8"?>
<testng-results ignored="0" total="5" passed="5" failed="0" skipped="0">
  <reporter-output>
  </reporter-output>
  <suite started-at="2023-07-14T13:20:34 IST" name="Default suite" finished-at="2023-07-14T13:20:34 IST" duration-ms="223">
    <groups>
    </groups>
    <test started-at="2023-07-14T13:20:34 IST" name="Default test" finished-at="2023-07-14T13:20:34 IST" duration-ms="223">
      <class name="TestNG.sampletestcase">
        <test-method signature="fifthTestCase()[pri:0, instance:TestNG.sampletestcase@43195e57]" started-at="2023-07-14T13:20:34 IST" name="fifthTestCase" finished-at="2023-07-14T13:20:34 IST" duration-ms="25" status="PASS">
          <reporter-output>
          </reporter-output>
        </test-method> <!-- fifthTestCase -->
        <test-method signature="firstTestCase()[pri:0, instance:TestNG.sampletestcase@43195e57]" started-at="2023-07-14T13:20:34 IST" name="firstTestCase" finished-at="2023-07-14T13:20:34 IST" duration-ms="1" status="PASS">
          <reporter-output>
          </reporter-output>
        </test-method> <!-- firstTestCase -->
        <test-method signature="fourthTestCase()[pri:0, instance:TestNG.sampletestcase@43195e57]" started-at="2023-07-14T13:20:34 IST" name="fourthTestCase" finished-at="2023-07-14T13:20:34 IST" duration-ms="2" status="PASS">
          <reporter-output>
          </reporter-output>
        </test-method> <!-- fourthTestCase -->
        <test-method signature="secondTestCase()[pri:0, instance:TestNG.sampletestcase@43195e57]" started-at="2023-07-14T13:20:34 IST" name="secondTestCase" finished-at="2023-07-14T13:20:34 IST" duration-ms="1" status="PASS">
          <reporter-output>
          </reporter-output>
        </test-method> <!-- secondTestCase -->
        <test-method signature="thirdTestCase()[pri:0, instance:TestNG.sampletestcase@43195e57]" started-at="2023-07-14T13:20:34 IST" name="thirdTestCase" finished-at="2023-07-14T13:20:34 IST" duration-ms="1" status="PASS">
          <reporter-output>
          </reporter-output>
        </test-method> <!-- thirdTestCase -->
      </class> <!-- TestNG.sampletestcase -->
    </test> <!-- Default test -->
  </suite> <!-- Default suite -->
</testng-results>
