<?xml version="1.0" encoding="UTF-8"?>
<!-- Generated by org.testng.reporters.JUnitXMLReporter -->
<testsuite ignored="0" hostname="DESKTOP-LN6EBUM" failures="0" tests="4" name="login test cases" time="40.802" errors="0" timestamp="2022-12-22T16:49:21 IST">
  <testcase classname="logintestcases.Bothcorrect" name="bothcorrectcred" time="13.068"/>
  <testcase classname="logintestcases.Bothincorrect" name="bothincorrectcred" time="6.945"/>
  <testcase classname="logintestcases.correctpassword" name="correctpasswordcred" time="8.376"/>
  <testcase classname="logintestcases.correctusername" name="correctusernamecred" time="12.345"/>
</testsuite> <!-- login test cases -->
